<?xml version="1.0" encoding="UTF-8"?>
<!-- Generated by org.testng.reporters.JUnitReportReporter -->
<testsuite skipped="1" hostname="KiLLeR-PC" name="ResponsiveLayout.Subcription_Tier" tests="1" failures="0" timestamp="08 Aug 2018 05:44:19 GMT" time="0.000" errors="0">
  <testcase name="Dashboard1" time="0.000" classname="ResponsiveLayout.Subcription_Tier">
    <skipped/>
  </testcase> <!-- Dashboard1 -->
</testsuite> <!-- ResponsiveLayout.Subcription_Tier -->
