<?xml version="1.0" encoding="UTF-8"?>
<!-- Generated by org.testng.reporters.JUnitReportReporter -->
<testsuite skipped="1" hostname="KiLLeR-PC" name="ResponsiveLayout.incidentForm" tests="1" failures="0" timestamp="08 Aug 2018 05:44:19 GMT" time="0.000" errors="0">
  <testcase name="templates" time="0.000" classname="ResponsiveLayout.incidentForm">
    <skipped/>
  </testcase> <!-- templates -->
</testsuite> <!-- ResponsiveLayout.incidentForm -->
